<?xml version="1.0" encoding="UTF-8"?>
<!-- Generated by org.testng.reporters.JUnitReportReporter -->
<testsuite hostname="Lil-PC" failures="0" tests="1" name="learning.seleniumjava.StreamsTest1" time="0.007" errors="0" timestamp="2023-04-08T22:29:23 ACST" skipped="0">
  <testcase classname="learning.seleniumjava.StreamsTest1" name="streamCollect" time="0.007"/>
  <system-out/>
</testsuite> <!-- learning.seleniumjava.StreamsTest1 -->
