<?xml version="1.0" encoding="UTF-8"?>
<!-- Generated by org.testng.reporters.JUnitReportReporter -->
<testsuite hostname="Lil-PC" failures="0" tests="1" name="learning.seleniumjava.seleniumintro" time="7.670" errors="0" timestamp="2023-02-18T21:17:38 ACDT" skipped="0">
  <testcase classname="learning.seleniumjava.seleniumintro" name="verifyTitle" time="7.670"/>
  <system-out/>
</testsuite> <!-- learning.seleniumjava.seleniumintro -->
